build/app/intermediates/manifest_merge_blame_file/debug/manifest-merger-blame-debug-report.txt
1<?xml version="1.0" encoding="utf-8"?>
2<manifest xmlns:android="http://schemas.android.com/apk/res/android"
3    package="com.virtualmarriageME"
4    android:versionCode="1"
5    android:versionName="1.0.0" >
6
7    <uses-sdk
8        android:minSdkVersion="19"
9        android:targetSdkVersion="28" />
10    <!--
11         Flutter needs it to communicate with the running application
12         to allow setting breakpoints, to provide hot reload, etc.
13    -->
14    <uses-permission android:name="android.permission.INTERNET" />
14-->src\main\AndroidManifest.xml:8:5-66
14-->src\main\AndroidManifest.xml:8:22-64
15    <uses-permission android:name="android.permission.READ_EXTERNAL_STORAGE" />
15-->[:image_picker] AndroidManifest.xml:7:5-80
15-->[:image_picker] AndroidManifest.xml:7:22-77
16    <uses-permission android:name="android.permission.WRITE_EXTERNAL_STORAGE" /> <!-- Although the *SdkVersion is captured in gradle build files, this is required for non gradle builds -->
16-->[:image_picker] AndroidManifest.xml:8:5-81
16-->[:image_picker] AndroidManifest.xml:8:22-78
17    <!-- <uses-sdk android:minSdkVersion="14"/> -->
18    <uses-permission android:name="android.permission.ACCESS_NETWORK_STATE" />
18-->[com.google.firebase:firebase-storage:19.1.1] AndroidManifest.xml:26:5-79
18-->[com.google.firebase:firebase-storage:19.1.1] AndroidManifest.xml:26:22-76
19    <uses-permission android:name="android.permission.WAKE_LOCK" /> <!-- Required by older versions of Google Play services to create IID tokens -->
19-->[com.google.android.gms:play-services-measurement-api:17.4.1] AndroidManifest.xml:24:5-68
19-->[com.google.android.gms:play-services-measurement-api:17.4.1] AndroidManifest.xml:24:22-65
20    <uses-permission android:name="com.google.android.c2dm.permission.RECEIVE" />
20-->[com.google.firebase:firebase-iid:20.1.7] AndroidManifest.xml:26:5-82
20-->[com.google.firebase:firebase-iid:20.1.7] AndroidManifest.xml:26:22-79
21    <uses-permission android:name="com.google.android.finsky.permission.BIND_GET_INSTALL_REFERRER_SERVICE" />
21-->[com.google.android.gms:play-services-measurement:17.4.1] AndroidManifest.xml:26:5-110
21-->[com.google.android.gms:play-services-measurement:17.4.1] AndroidManifest.xml:26:22-107
22
23    <application
23-->src\main\AndroidManifest.xml:10:5-48:19
24        android:name="io.flutter.app.FlutterApplication"
24-->src\main\AndroidManifest.xml:11:9-57
25        android:appComponentFactory="androidx.core.app.CoreComponentFactory"
25-->[androidx.core:core:1.2.0] AndroidManifest.xml:24:18-86
26        android:debuggable="true"
27        android:icon="@mipmap/ic_launcher"
27-->src\main\AndroidManifest.xml:13:9-43
28        android:label="virtualmarriageME" >
28-->src\main\AndroidManifest.xml:12:9-42
29        <activity
29-->src\main\AndroidManifest.xml:14:9-42:20
30            android:name="com.virtualmarriageME.MainActivity"
30-->src\main\AndroidManifest.xml:15:13-41
31            android:configChanges="orientation|keyboardHidden|keyboard|screenSize|smallestScreenSize|locale|layoutDirection|fontScale|screenLayout|density|uiMode"
31-->src\main\AndroidManifest.xml:18:13-163
32            android:hardwareAccelerated="true"
32-->src\main\AndroidManifest.xml:19:13-47
33            android:launchMode="singleTop"
33-->src\main\AndroidManifest.xml:16:13-43
34            android:theme="@style/LaunchTheme"
34-->src\main\AndroidManifest.xml:17:13-47
35            android:windowSoftInputMode="adjustResize" >
35-->src\main\AndroidManifest.xml:20:13-55
36
37            <!--
38                 Specifies an Android theme to apply to this Activity as soon as
39                 the Android process has started. This theme is visible to the user
40                 while the Flutter UI initializes. After that, this theme continues
41                 to determine the Window background behind the Flutter UI.
42            -->
43            <meta-data
43-->src\main\AndroidManifest.xml:25:13-28:17
44                android:name="io.flutter.embedding.android.NormalTheme"
44-->src\main\AndroidManifest.xml:26:15-70
45                android:resource="@style/NormalTheme" />
45-->src\main\AndroidManifest.xml:27:15-52
46            <!--
47                 Displays an Android View that continues showing the launch screen
48                 Drawable until Flutter paints its first frame, then this splash
49                 screen fades out. A splash screen is useful to avoid any visual
50                 gap between the end of Android's launch screen and the painting of
51                 Flutter's first frame.
52            -->
53            <meta-data
53-->src\main\AndroidManifest.xml:34:13-37:17
54                android:name="io.flutter.embedding.android.SplashScreenDrawable"
54-->src\main\AndroidManifest.xml:35:15-79
55                android:resource="@drawable/launch_background" />
55-->src\main\AndroidManifest.xml:36:15-61
56
57            <intent-filter>
57-->src\main\AndroidManifest.xml:38:13-41:29
58                <action android:name="android.intent.action.MAIN" />
58-->src\main\AndroidManifest.xml:39:17-68
58-->src\main\AndroidManifest.xml:39:25-66
59
60                <category android:name="android.intent.category.LAUNCHER" />
60-->src\main\AndroidManifest.xml:40:17-76
60-->src\main\AndroidManifest.xml:40:27-74
61            </intent-filter>
62        </activity>
63        <!--
64             Don't delete the meta-data below.
65             This is used by the Flutter tool to generate GeneratedPluginRegistrant.java
66        -->
67        <meta-data
67-->src\main\AndroidManifest.xml:45:9-47:33
68            android:name="flutterEmbedding"
68-->src\main\AndroidManifest.xml:46:13-44
69            android:value="2" />
69-->src\main\AndroidManifest.xml:47:13-30
70
71        <service
71-->[:firebase_storage] AndroidManifest.xml:8:9-12:19
72            android:name="com.google.firebase.components.ComponentDiscoveryService"
72-->[:firebase_storage] AndroidManifest.xml:8:18-89
73            android:directBootAware="true"
73-->[com.google.firebase:firebase-common:19.3.0] AndroidManifest.xml:34:13-43
74            android:exported="false" >
74-->[com.google.firebase:firebase-auth:19.3.1] AndroidManifest.xml:35:13-37
75            <meta-data
75-->[:firebase_storage] AndroidManifest.xml:9:13-11:85
76                android:name="com.google.firebase.components:io.flutter.plugins.firebase.storage.FlutterFirebaseAppRegistrar"
76-->[:firebase_storage] AndroidManifest.xml:10:17-126
77                android:value="com.google.firebase.components.ComponentRegistrar" />
77-->[:firebase_storage] AndroidManifest.xml:11:17-82
78            <meta-data
78-->[:firebase_messaging] AndroidManifest.xml:14:13-16:85
79                android:name="com.google.firebase.components:io.flutter.plugins.firebasemessaging.FlutterFirebaseAppRegistrar"
79-->[:firebase_messaging] AndroidManifest.xml:15:17-127
80                android:value="com.google.firebase.components.ComponentRegistrar" />
80-->[:firebase_messaging] AndroidManifest.xml:16:17-82
81            <meta-data
81-->[:cloud_firestore] AndroidManifest.xml:9:13-11:85
82                android:name="com.google.firebase.components:io.flutter.plugins.firebase.firestore.FlutterFirebaseFirestoreRegistrar"
82-->[:cloud_firestore] AndroidManifest.xml:10:17-134
83                android:value="com.google.firebase.components.ComponentRegistrar" />
83-->[:cloud_firestore] AndroidManifest.xml:11:17-82
84            <meta-data
84-->[:firebase_auth] AndroidManifest.xml:9:13-11:85
85                android:name="com.google.firebase.components:io.flutter.plugins.firebase.auth.FlutterFirebaseAuthRegistrar"
85-->[:firebase_auth] AndroidManifest.xml:10:17-124
86                android:value="com.google.firebase.components.ComponentRegistrar" />
86-->[:firebase_auth] AndroidManifest.xml:11:17-82
87            <meta-data
87-->[:firebase_core] AndroidManifest.xml:9:13-11:85
88                android:name="com.google.firebase.components:io.flutter.plugins.firebase.core.FlutterFirebaseCoreRegistrar"
88-->[:firebase_core] AndroidManifest.xml:10:17-124
89                android:value="com.google.firebase.components.ComponentRegistrar" />
89-->[:firebase_core] AndroidManifest.xml:11:17-82
90            <meta-data
90-->[com.google.firebase:firebase-auth:19.3.1] AndroidManifest.xml:36:13-38:85
91                android:name="com.google.firebase.components:com.google.firebase.auth.FirebaseAuthRegistrar"
91-->[com.google.firebase:firebase-auth:19.3.1] AndroidManifest.xml:37:17-109
92                android:value="com.google.firebase.components.ComponentRegistrar" />
92-->[com.google.firebase:firebase-auth:19.3.1] AndroidManifest.xml:38:17-82
93            <meta-data
93-->[com.google.firebase:firebase-storage:19.1.1] AndroidManifest.xml:33:13-35:85
94                android:name="com.google.firebase.components:com.google.firebase.storage.StorageRegistrar"
94-->[com.google.firebase:firebase-storage:19.1.1] AndroidManifest.xml:34:17-107
95                android:value="com.google.firebase.components.ComponentRegistrar" />
95-->[com.google.firebase:firebase-storage:19.1.1] AndroidManifest.xml:35:17-82
96            <meta-data
96-->[com.google.firebase:firebase-firestore:21.4.3] AndroidManifest.xml:20:13-22:85
97                android:name="com.google.firebase.components:com.google.firebase.firestore.FirestoreRegistrar"
97-->[com.google.firebase:firebase-firestore:21.4.3] AndroidManifest.xml:21:17-111
98                android:value="com.google.firebase.components.ComponentRegistrar" />
98-->[com.google.firebase:firebase-firestore:21.4.3] AndroidManifest.xml:22:17-82
99            <meta-data
99-->[com.google.firebase:firebase-messaging:20.1.7] AndroidManifest.xml:38:13-40:85
100                android:name="com.google.firebase.components:com.google.firebase.messaging.FirebaseMessagingRegistrar"
100-->[com.google.firebase:firebase-messaging:20.1.7] AndroidManifest.xml:39:17-119
101                android:value="com.google.firebase.components.ComponentRegistrar" />
101-->[com.google.firebase:firebase-messaging:20.1.7] AndroidManifest.xml:40:17-82
102            <meta-data
102-->[com.google.android.gms:play-services-measurement-api:17.4.1] AndroidManifest.xml:30:13-32:85
103                android:name="com.google.firebase.components:com.google.firebase.analytics.connector.internal.AnalyticsConnectorRegistrar"
103-->[com.google.android.gms:play-services-measurement-api:17.4.1] AndroidManifest.xml:31:17-139
104                android:value="com.google.firebase.components.ComponentRegistrar" />
104-->[com.google.android.gms:play-services-measurement-api:17.4.1] AndroidManifest.xml:32:17-82
105            <meta-data
105-->[com.google.firebase:firebase-iid:20.1.7] AndroidManifest.xml:32:13-34:85
106                android:name="com.google.firebase.components:com.google.firebase.iid.Registrar"
106-->[com.google.firebase:firebase-iid:20.1.7] AndroidManifest.xml:33:17-96
107                android:value="com.google.firebase.components.ComponentRegistrar" />
107-->[com.google.firebase:firebase-iid:20.1.7] AndroidManifest.xml:34:17-82
108            <meta-data
108-->[com.google.firebase:firebase-datatransport:17.0.3] AndroidManifest.xml:28:13-30:85
109                android:name="com.google.firebase.components:com.google.firebase.datatransport.TransportRegistrar"
109-->[com.google.firebase:firebase-datatransport:17.0.3] AndroidManifest.xml:29:17-115
110                android:value="com.google.firebase.components.ComponentRegistrar" />
110-->[com.google.firebase:firebase-datatransport:17.0.3] AndroidManifest.xml:30:17-82
111            <meta-data
111-->[com.google.firebase:firebase-installations:16.3.0] AndroidManifest.xml:17:13-19:85
112                android:name="com.google.firebase.components:com.google.firebase.installations.FirebaseInstallationsRegistrar"
112-->[com.google.firebase:firebase-installations:16.3.0] AndroidManifest.xml:18:17-127
113                android:value="com.google.firebase.components.ComponentRegistrar" />
113-->[com.google.firebase:firebase-installations:16.3.0] AndroidManifest.xml:19:17-82
114        </service>
115
116        <provider
116-->[:image_picker] AndroidManifest.xml:11:9-19:20
117            android:name="io.flutter.plugins.imagepicker.ImagePickerFileProvider"
117-->[:image_picker] AndroidManifest.xml:12:13-82
118            android:authorities="com.virtualmarriageME.flutter.image_provider"
118-->[:image_picker] AndroidManifest.xml:13:13-74
119            android:exported="false"
119-->[:image_picker] AndroidManifest.xml:14:13-37
120            android:grantUriPermissions="true" >
120-->[:image_picker] AndroidManifest.xml:15:13-47
121            <meta-data
121-->[:image_picker] AndroidManifest.xml:16:13-18:75
122                android:name="android.support.FILE_PROVIDER_PATHS"
122-->[:image_picker] AndroidManifest.xml:17:17-67
123                android:resource="@xml/flutter_image_picker_file_paths" />
123-->[:image_picker] AndroidManifest.xml:18:17-72
124        </provider>
125
126        <service android:name="io.flutter.plugins.firebasemessaging.FlutterFirebaseMessagingService" >
126-->[:firebase_messaging] AndroidManifest.xml:8:9-12:19
126-->[:firebase_messaging] AndroidManifest.xml:8:18-101
127            <intent-filter>
127-->[:firebase_messaging] AndroidManifest.xml:9:13-11:29
128                <action android:name="com.google.firebase.MESSAGING_EVENT" />
128-->[:firebase_messaging] AndroidManifest.xml:10:17-78
128-->[:firebase_messaging] AndroidManifest.xml:10:25-75
129            </intent-filter>
130        </service>
131
132        <activity
132-->[:url_launcher] AndroidManifest.xml:8:9-11:74
133            android:name="io.flutter.plugins.urllauncher.WebViewActivity"
133-->[:url_launcher] AndroidManifest.xml:9:13-74
134            android:exported="false"
134-->[:url_launcher] AndroidManifest.xml:10:13-37
135            android:theme="@android:style/Theme.NoTitleBar.Fullscreen" />
135-->[:url_launcher] AndroidManifest.xml:11:13-71
136        <activity
136-->[com.google.firebase:firebase-auth:19.3.1] AndroidManifest.xml:24:9-31:50
137            android:name="com.google.firebase.auth.internal.FederatedSignInActivity"
137-->[com.google.firebase:firebase-auth:19.3.1] AndroidManifest.xml:25:13-85
138            android:excludeFromRecents="true"
138-->[com.google.firebase:firebase-auth:19.3.1] AndroidManifest.xml:26:13-46
139            android:exported="true"
139-->[com.google.firebase:firebase-auth:19.3.1] AndroidManifest.xml:27:13-36
140            android:launchMode="singleTask"
140-->[com.google.firebase:firebase-auth:19.3.1] AndroidManifest.xml:28:13-44
141            android:permission="com.google.firebase.auth.api.gms.permission.LAUNCH_FEDERATED_SIGN_IN"
141-->[com.google.firebase:firebase-auth:19.3.1] AndroidManifest.xml:29:13-102
142            android:theme="@android:style/Theme.Translucent.NoTitleBar" />
142-->[com.google.firebase:firebase-auth:19.3.1] AndroidManifest.xml:30:13-72
143        <activity
143-->[com.google.android.gms:play-services-auth:16.0.1] AndroidManifest.xml:23:9-27:75
144            android:name="com.google.android.gms.auth.api.signin.internal.SignInHubActivity"
144-->[com.google.android.gms:play-services-auth:16.0.1] AndroidManifest.xml:24:13-93
145            android:excludeFromRecents="true"
145-->[com.google.android.gms:play-services-auth:16.0.1] AndroidManifest.xml:25:13-46
146            android:exported="false"
146-->[com.google.android.gms:play-services-auth:16.0.1] AndroidManifest.xml:26:13-37
147            android:theme="@android:style/Theme.Translucent.NoTitleBar" />
147-->[com.google.android.gms:play-services-auth:16.0.1] AndroidManifest.xml:27:13-72
148        <!--
149            Service handling Google Sign-In user revocation. For apps that do not integrate with
150            Google Sign-In, this service will never be started.
151        -->
152        <service
152-->[com.google.android.gms:play-services-auth:16.0.1] AndroidManifest.xml:33:9-36:110
153            android:name="com.google.android.gms.auth.api.signin.RevocationBoundService"
153-->[com.google.android.gms:play-services-auth:16.0.1] AndroidManifest.xml:34:13-89
154            android:exported="true"
154-->[com.google.android.gms:play-services-auth:16.0.1] AndroidManifest.xml:35:13-36
155            android:permission="com.google.android.gms.auth.api.signin.permission.REVOCATION_NOTIFICATION" />
155-->[com.google.android.gms:play-services-auth:16.0.1] AndroidManifest.xml:36:13-107
156        <!--
157             FirebaseMessagingService performs security checks at runtime,
158             but set to not exported to explicitly avoid allowing another app to call it.
159        -->
160        <service
160-->[com.google.firebase:firebase-messaging:20.1.7] AndroidManifest.xml:28:9-34:19
161            android:name="com.google.firebase.messaging.FirebaseMessagingService"
161-->[com.google.firebase:firebase-messaging:20.1.7] AndroidManifest.xml:29:13-82
162            android:exported="false" >
162-->[com.google.firebase:firebase-messaging:20.1.7] AndroidManifest.xml:30:13-37
163            <intent-filter android:priority="-500" >
163-->[:firebase_messaging] AndroidManifest.xml:9:13-11:29
164                <action android:name="com.google.firebase.MESSAGING_EVENT" />
164-->[:firebase_messaging] AndroidManifest.xml:10:17-78
164-->[:firebase_messaging] AndroidManifest.xml:10:25-75
165            </intent-filter>
166        </service>
167
168        <receiver
168-->[com.google.firebase:firebase-iid:20.1.7] AndroidManifest.xml:37:9-44:20
169            android:name="com.google.firebase.iid.FirebaseInstanceIdReceiver"
169-->[com.google.firebase:firebase-iid:20.1.7] AndroidManifest.xml:38:13-78
170            android:exported="true"
170-->[com.google.firebase:firebase-iid:20.1.7] AndroidManifest.xml:39:13-36
171            android:permission="com.google.android.c2dm.permission.SEND" >
171-->[com.google.firebase:firebase-iid:20.1.7] AndroidManifest.xml:40:13-73
172            <intent-filter>
172-->[com.google.firebase:firebase-iid:20.1.7] AndroidManifest.xml:41:13-43:29
173                <action android:name="com.google.android.c2dm.intent.RECEIVE" />
173-->[com.google.firebase:firebase-iid:20.1.7] AndroidManifest.xml:42:17-81
173-->[com.google.firebase:firebase-iid:20.1.7] AndroidManifest.xml:42:25-78
174            </intent-filter>
175        </receiver>
176
177        <activity
177-->[com.google.android.gms:play-services-base:17.1.0] AndroidManifest.xml:23:9-26:75
178            android:name="com.google.android.gms.common.api.GoogleApiActivity"
178-->[com.google.android.gms:play-services-base:17.1.0] AndroidManifest.xml:24:13-79
179            android:exported="false"
179-->[com.google.android.gms:play-services-base:17.1.0] AndroidManifest.xml:25:13-37
180            android:theme="@android:style/Theme.Translucent.NoTitleBar" />
180-->[com.google.android.gms:play-services-base:17.1.0] AndroidManifest.xml:26:13-72
181
182        <provider
182-->[com.google.firebase:firebase-common:19.3.0] AndroidManifest.xml:26:9-30:39
183            android:name="com.google.firebase.provider.FirebaseInitProvider"
183-->[com.google.firebase:firebase-common:19.3.0] AndroidManifest.xml:27:13-77
184            android:authorities="com.virtualmarriageME.firebaseinitprovider"
184-->[com.google.firebase:firebase-common:19.3.0] AndroidManifest.xml:28:13-72
185            android:exported="false"
185-->[com.google.firebase:firebase-common:19.3.0] AndroidManifest.xml:29:13-37
186            android:initOrder="100" />
186-->[com.google.firebase:firebase-common:19.3.0] AndroidManifest.xml:30:13-36
187
188        <receiver
188-->[com.google.android.gms:play-services-measurement:17.4.1] AndroidManifest.xml:29:9-33:20
189            android:name="com.google.android.gms.measurement.AppMeasurementReceiver"
189-->[com.google.android.gms:play-services-measurement:17.4.1] AndroidManifest.xml:30:13-85
190            android:enabled="true"
190-->[com.google.android.gms:play-services-measurement:17.4.1] AndroidManifest.xml:31:13-35
191            android:exported="false" >
191-->[com.google.android.gms:play-services-measurement:17.4.1] AndroidManifest.xml:32:13-37
192        </receiver>
193
194        <service
194-->[com.google.android.gms:play-services-measurement:17.4.1] AndroidManifest.xml:35:9-38:40
195            android:name="com.google.android.gms.measurement.AppMeasurementService"
195-->[com.google.android.gms:play-services-measurement:17.4.1] AndroidManifest.xml:36:13-84
196            android:enabled="true"
196-->[com.google.android.gms:play-services-measurement:17.4.1] AndroidManifest.xml:37:13-35
197            android:exported="false" />
197-->[com.google.android.gms:play-services-measurement:17.4.1] AndroidManifest.xml:38:13-37
198        <service
198-->[com.google.android.gms:play-services-measurement:17.4.1] AndroidManifest.xml:39:9-43:72
199            android:name="com.google.android.gms.measurement.AppMeasurementJobService"
199-->[com.google.android.gms:play-services-measurement:17.4.1] AndroidManifest.xml:40:13-87
200            android:enabled="true"
200-->[com.google.android.gms:play-services-measurement:17.4.1] AndroidManifest.xml:41:13-35
201            android:exported="false"
201-->[com.google.android.gms:play-services-measurement:17.4.1] AndroidManifest.xml:42:13-37
202            android:permission="android.permission.BIND_JOB_SERVICE" />
202-->[com.google.android.gms:play-services-measurement:17.4.1] AndroidManifest.xml:43:13-69
203
204        <meta-data
204-->[com.google.android.gms:play-services-basement:17.0.0] AndroidManifest.xml:23:9-25:69
205            android:name="com.google.android.gms.version"
205-->[com.google.android.gms:play-services-basement:17.0.0] AndroidManifest.xml:24:13-58
206            android:value="@integer/google_play_services_version" />
206-->[com.google.android.gms:play-services-basement:17.0.0] AndroidManifest.xml:25:13-66
207
208        <service
208-->[com.google.android.datatransport:transport-backend-cct:2.2.0] AndroidManifest.xml:29:9-35:19
209            android:name="com.google.android.datatransport.runtime.backends.TransportBackendDiscovery"
209-->[com.google.android.datatransport:transport-backend-cct:2.2.0] AndroidManifest.xml:30:13-103
210            android:exported="false" >
210-->[com.google.android.datatransport:transport-backend-cct:2.2.0] AndroidManifest.xml:31:13-37
211            <meta-data
211-->[com.google.android.datatransport:transport-backend-cct:2.2.0] AndroidManifest.xml:32:13-34:39
212                android:name="backend:com.google.android.datatransport.cct.CctBackendFactory"
212-->[com.google.android.datatransport:transport-backend-cct:2.2.0] AndroidManifest.xml:33:17-94
213                android:value="cct" />
213-->[com.google.android.datatransport:transport-backend-cct:2.2.0] AndroidManifest.xml:34:17-36
214        </service>
215        <service
215-->[com.google.android.datatransport:transport-runtime:2.2.0] AndroidManifest.xml:26:9-30:19
216            android:name="com.google.android.datatransport.runtime.scheduling.jobscheduling.JobInfoSchedulerService"
216-->[com.google.android.datatransport:transport-runtime:2.2.0] AndroidManifest.xml:27:13-117
217            android:exported="false"
217-->[com.google.android.datatransport:transport-runtime:2.2.0] AndroidManifest.xml:28:13-37
218            android:permission="android.permission.BIND_JOB_SERVICE" >
218-->[com.google.android.datatransport:transport-runtime:2.2.0] AndroidManifest.xml:29:13-69
219        </service>
220
221        <receiver
221-->[com.google.android.datatransport:transport-runtime:2.2.0] AndroidManifest.xml:32:9-34:40
222            android:name="com.google.android.datatransport.runtime.scheduling.jobscheduling.AlarmManagerSchedulerBroadcastReceiver"
222-->[com.google.android.datatransport:transport-runtime:2.2.0] AndroidManifest.xml:33:13-132
223            android:exported="false" />
223-->[com.google.android.datatransport:transport-runtime:2.2.0] AndroidManifest.xml:34:13-37
224    </application>
225
226</manifest>